Build started 30/05/2011 10:30:27 a.m..
     1>Project "D:\ZORBA\zorba_modules\email\build\src\com\zorba-xquery\www\modules\email\imap_commons.vcxproj" on node 2 (build target(s)).
     1>InitializeBuildStatus:
         Creating "imap_commons.dir\Release\imap_commons.unsuccessfulbuild" because "AlwaysCreate" was specified.
       CustomBuild:
         All outputs are up-to-date.
       ClCompile:
         All outputs are up-to-date.
         C:\Program Files (x86)\Microsoft Visual Studio 10.0\VC\bin\CL.exe /c /ID:/ZORBA/zorba/include /ID:/ZORBA/zorba/build/include /I"C:/Users/juanza/Desktop/imap-2007e/c-client" /I"D:/ZORBA/zorba_modules/email/src/com/zorba-xquery/www/modules/email/cclient.xq.src" /nologo /W3 /WX- /O2 /Ob2 /Oy- /D WIN32 /D _WINDOWS /D NDEBUG /D "CMAKE_INTDIR=\"Release\"" /D _MBCS /Gm- /EHsc /MD /GS /fp:precise /Zc:wchar_t /Zc:forScope /GR /Fo"imap_commons.dir\Release\\" /Fd"D:/ZORBA/zorba_modules/email/build/src/com/zorba-xquery/www/modules/email/Release/imap_commons.pdb" /Gd /TP /analyze- /errorReport:prompt "..\..\..\..\..\..\..\src\com\zorba-xquery\www\modules\email\cclient.xq.src\imap_client.cpp"  /Zm1000 
         imap_client.cpp
     1>c:\users\juanza\desktop\imap-2007e\c-client\mail.h(532): warning C4005: 'ERROR' : macro redefinition
                 C:\Program Files (x86)\Microsoft SDKs\Windows\v7.0A\include\wingdi.h(112) : see previous definition of 'ERROR'
     1>..\..\..\..\..\..\..\src\com\zorba-xquery\www\modules\email\cclient.xq.src\imap_client.cpp(22): warning C4068: unknown pragma
     1>..\..\..\..\..\..\..\src\com\zorba-xquery\www\modules\email\cclient.xq.src\imap_client.cpp(97): warning C4996: 'sprintf': This function or variable may be unsafe. Consider using sprintf_s instead. To disable deprecation, use _CRT_SECURE_NO_WARNINGS. See online help for details.
                 C:\Program Files (x86)\Microsoft Visual Studio 10.0\VC\include\stdio.h(371) : see declaration of 'sprintf'
     1>..\..\..\..\..\..\..\src\com\zorba-xquery\www\modules\email\cclient.xq.src\imap_client.cpp(99): warning C4800: 'long' : forcing value to bool 'true' or 'false' (performance warning)
     1>..\..\..\..\..\..\..\src\com\zorba-xquery\www\modules\email\cclient.xq.src\imap_client.cpp(954): warning C4996: 'strcpy': This function or variable may be unsafe. Consider using strcpy_s instead. To disable deprecation, use _CRT_SECURE_NO_WARNINGS. See online help for details.
                 C:\Program Files (x86)\Microsoft Visual Studio 10.0\VC\include\string.h(105) : see declaration of 'strcpy'
     1>..\..\..\..\..\..\..\src\com\zorba-xquery\www\modules\email\cclient.xq.src\imap_client.cpp(955): warning C4996: 'strcpy': This function or variable may be unsafe. Consider using strcpy_s instead. To disable deprecation, use _CRT_SECURE_NO_WARNINGS. See online help for details.
                 C:\Program Files (x86)\Microsoft Visual Studio 10.0\VC\include\string.h(105) : see declaration of 'strcpy'
     1>..\..\..\..\..\..\..\src\com\zorba-xquery\www\modules\email\cclient.xq.src\imap_client.cpp(967): warning C4068: unknown pragma
       Lib:
         C:\Program Files (x86)\Microsoft Visual Studio 10.0\VC\bin\Lib.exe /OUT:"D:\ZORBA\zorba_modules\email\build\src\com\zorba-xquery\www\modules\email\Release\imap_commons.lib" /NOLOGO imap_commons.dir\Release\imap_client.obj
         imap_commons.vcxproj -> D:\ZORBA\zorba_modules\email\build\src\com\zorba-xquery\www\modules\email\Release\imap_commons.lib
       FinalizeBuildStatus:
         Deleting file "imap_commons.dir\Release\imap_commons.unsuccessfulbuild".
         Touching "imap_commons.dir\Release\imap_commons.lastbuildstate".
     1>Done Building Project "D:\ZORBA\zorba_modules\email\build\src\com\zorba-xquery\www\modules\email\imap_commons.vcxproj" (build target(s)).

Build succeeded.

Time Elapsed 00:00:04.21
