Build started 27/05/2011 05:44:40 p.m..
     1>Project "D:\ZORBA\zorba_modules\email\build\ZERO_CHECK.vcxproj" on node 2 (build target(s)).
     1>PrepareForBuild:
         Creating directory "D:\ZORBA\zorba_modules\email\build\Debug\".
       InitializeBuildStatus:
         Creating "Win32\Debug\ZERO_CHECK\ZERO_CHECK.unsuccessfulbuild" because "AlwaysCreate" was specified.
       CustomBuild:
         Checking Build System
         CMake does not need to re-run because D:/ZORBA/zorba_modules/email/build/CMakeFiles/generate.stamp is up-to-date.
         CMake does not need to re-run because D:/ZORBA/zorba_modules/email/build/src/CMakeFiles/generate.stamp is up-to-date.
         CMake does not need to re-run because D:/ZORBA/zorba_modules/email/build/src/com/CMakeFiles/generate.stamp is up-to-date.
         CMake does not need to re-run because D:/ZORBA/zorba_modules/email/build/src/com/zorba-xquery/CMakeFiles/generate.stamp is up-to-date.
         CMake does not need to re-run because D:/ZORBA/zorba_modules/email/build/src/com/zorba-xquery/www/CMakeFiles/generate.stamp is up-to-date.
         CMake does not need to re-run because D:/ZORBA/zorba_modules/email/build/src/com/zorba-xquery/www/modules/CMakeFiles/generate.stamp is up-to-date.
         CMake does not need to re-run because D:/ZORBA/zorba_modules/email/build/src/com/zorba-xquery/www/modules/email/CMakeFiles/generate.stamp is up-to-date.
       FinalizeBuildStatus:
         Deleting file "Win32\Debug\ZERO_CHECK\ZERO_CHECK.unsuccessfulbuild".
         Touching "Win32\Debug\ZERO_CHECK\ZERO_CHECK.lastbuildstate".
     1>Done Building Project "D:\ZORBA\zorba_modules\email\build\ZERO_CHECK.vcxproj" (build target(s)).

Build succeeded.

Time Elapsed 00:00:00.31
